<?xml version="1.0" encoding="UTF-8"?>
<!-- Generated by org.testng.reporters.JUnitReportReporter -->
<testsuite skipped="0" hostname="NOTE-JEAN" name="testSuite.DBTest" tests="1" failures="0" timestamp="23 jun 2018 22:02:04 GMT" time="10.678" errors="0">
  <testcase name="deleteCreatedCusomer" time="10.678" classname="testSuite.DBTest"/>
</testsuite> <!-- testSuite.DBTest -->
