<?xml version="1.0" encoding="UTF-8"?>
<!-- Generated by org.testng.reporters.JUnitReportReporter -->
<testsuite skipped="0" hostname="NOTE-JEAN" name="testSuite.DBTest" tests="1" failures="0" timestamp="24 jun 2018 15:21:20 GMT" time="16.771" errors="0">
  <testcase name="deleteCreatedCusomer" time="16.771" classname="testSuite.DBTest"/>
</testsuite> <!-- testSuite.DBTest -->
