<?xml version="1.0" encoding="UTF-8"?>
<!-- Generated by org.testng.reporters.JUnitReportReporter -->
<testsuite hostname="NOTE-JEAN" name="testSuite.DBTest" tests="1" failures="0" timestamp="19 Jun 2018 22:31:33 GMT" time="0.005" errors="0">
  <testcase name="openMyBlog" time="0.005" classname="testSuite.DBTest"/>
</testsuite> <!-- testSuite.DBTest -->
